RESULTS ================================
Eigenvalue: 60995.7
Eigenvector: 
[1   ]431.106         [2   ]-365.161        [3   ]215.511         [4   ]-365.033        
[5   ]-1.81393e-010   [6   ]-364.934        [7   ]-215.511        [8   ]-365.033        
[9   ]-431.106        [10  ]-365.161        

Eigenvalue: 100000
Eigenvector: 
[1   ]248.883         [2   ]-2.67822e-010   [3   ]248.883         [4   ]-2.67253e-010   
[5   ]248.883         [6   ]-2.66041e-010   [7   ]248.883         [8   ]-2.65585e-010   
[9   ]248.883         [10  ]-2.65705e-010   

Eigenvalue: 8.25434e+009
Eigenvector: 
[1   ]511.191         [2   ]-3372.21        [3   ]-124.649        [4   ]2513.68         
[5   ]7.38538e-015    [6   ]-2835.7         [7   ]124.649         [8   ]2513.68         
[9   ]-511.191        [10  ]-3372.21        

Eigenvalue: 2.44329e+009
Eigenvector: 
[1   ]493.105         [2   ]-2312.85        [3   ]-315.807        [4   ]568.18          
[5   ]366.585         [6   ]8.0418e-014     [7   ]-315.807        [8   ]-568.18         
[9   ]493.105         [10  ]2312.85         

Eigenvalue: 1.63567e+011
Eigenvector: 
[1   ]1100.57         [2   ]-17586          [3   ]232.546         [4   ]-4817.03        
[5   ]168.532         [6   ]1.56344e-012    [7   ]232.546         [8   ]4817.03         
[9   ]1100.57         [10  ]17586           

Eigenvalue: 6.31396e+008
Eigenvector: 
[1   ]503.671         [2   ]-1677.19        [3   ]-295.475        [4   ]-571.881        
[5   ]-2.08692e-013   [6   ]1151.91         [7   ]295.475         [8   ]-571.881        
[9   ]-503.671        [10  ]-1677.19        

Eigenvalue: 4.98443e+010
Eigenvector: 
[1   ]-557.126        [2   ]6560.62         [3   ]-275.339        [4   ]-2619.91        
[5   ]2.2265e-013     [6   ]-6398.93        [7   ]275.339         [8   ]-2619.91        
[9   ]557.126         [10  ]6560.62         

Eigenvalue: 8.21125e+007
Eigenvector: 
[1   ]498.891         [2   ]-981.393        [3   ]-49.4563        [4   ]-785.705        
[5   ]-303.201        [6   ]-8.13426e-013   [7   ]-49.4563        [8   ]785.705         
[9   ]498.891         [10  ]981.393         

Eigenvalue: 2.04935e+010
Eigenvector: 
[1   ]550.861         [2   ]-4857.83        [3   ]131.421         [4   ]3750.69         
[5   ]-334.659        [6   ]-3.36124e-013   [7   ]131.421         [8   ]-3750.69        
[9   ]550.861         [10  ]4857.83         

Eigenvalue: 1.92051e+011
Eigenvector: 
[1   ]-1043.61        [2   ]17181.1         [3   ]-149.794        [4   ]5982.07         
[5   ]-2.12451e-013   [6   ]4233.01         [7   ]149.794         [8   ]5982.07         
[9   ]1043.61         [10  ]17181.1         

