
Iteration: 1
----------
Current eps: 0.0001
Coupling factors: (1,2) eptola 0.0204082 and eptolb 0.25
Zeroing out: (1,2) alpha and beta are 1 -1

Eigenvalues 
[1   ]8               [2   ]2               

Matrix K
Row No: 1
[1   ]16              [2   ]0               
Row No: 2
[1   ]0               [2   ]12              

Matrix M
Row No: 1
[1   ]2               [2   ]0               
Row No: 2
[1   ]0               [2   ]6               

Matrix X
Column No: 1
[1   ]1               [2   ]-1              
Column No: 2
[1   ]1               [2   ]1               

Iteration: 2
----------
Current eps: 1e-008
Coupling factors: (1,2) eptola 0 and eptolb 0

Eigenvalues 
[1   ]8               [2   ]2               
RESULTS ================================
Eigenvalue: 2
Eigenvector: 
[1   ]0.408248        [2   ]0.408248        

Eigenvalue: 8
Eigenvector: 
[1   ]0.707107        [2   ]-0.707107       

