
Iteration: 1
----------
Current eps: 0.0001
Coupling factors: (1,2) eptola 0 and eptolb 0
Coupling factors: (1,3) eptola 0 and eptolb 0
Coupling factors: (2,3) eptola 0.749997 and eptolb 0.775676
Zeroing out: (2,3) alpha and beta are 0.0655962 2.75499

Eigenvalues 
[1   ]3.05733e+008    [2   ]31797.1         [3   ]3.08729e+006    

Matrix K
Row No: 1
[1   ]3.14159e+007    [2   ]0               [3   ]0               
Row No: 2
[1   ]0               [2   ]2403.37         [3   ]9.09495e-013    
Row No: 3
[1   ]0               [2   ]7.67386e-013    [3   ]516.837         

Matrix M
Row No: 1
[1   ]0.102756        [2   ]0               [3   ]0               
Row No: 2
[1   ]0               [2   ]0.0755846       [3   ]7.58942e-019    
Row No: 3
[1   ]0               [2   ]0               [3   ]0.000167408     

Matrix X
Column No: 1
[1   ]1               [2   ]0               [3   ]0               
Column No: 2
[1   ]0               [2   ]1               [3   ]2.75499         
Column No: 3
[1   ]0               [2   ]0.0655962       [3   ]1               

Iteration: 2
----------
Current eps: 1e-008
Coupling factors: (1,2) eptola 0 and eptolb 0
Coupling factors: (1,3) eptola 0 and eptolb 0
Coupling factors: (2,3) eptola 6.65927e-031 and eptolb 4.55204e-032

Eigenvalues 
[1   ]3.05733e+008    [2   ]31797.1         [3   ]3.08729e+006    
RESULTS ================================
Eigenvalue: 31797.1
Eigenvector: 
[1   ]0               [2   ]3.63734         [3   ]10.0208         

Eigenvalue: 3.08729e+006
Eigenvector: 
[1   ]0               [2   ]5.0698          [3   ]77.2879         

Eigenvalue: 3.05733e+008
Eigenvector: 
[1   ]3.11958         [2   ]0               [3   ]0               

