
Iteration: 1
----------
Current eps: 0.0001
Coupling factors: (1,2) eptola 0 and eptolb 0
Coupling factors: (1,3) eptola 0 and eptolb 0
Coupling factors: (2,3) eptola 0.749997 and eptolb 0.414055
Zeroing out: (2,3) alpha and beta are 0.0311206 2.89702

Eigenvalues 
[1   ]1.54944e+008    [2   ]13598.7         [3   ]1.47524e+006    

Matrix K
Row No: 1
[1   ]3.14159e+007    [2   ]0               [3   ]0               
Row No: 2
[1   ]0               [2   ]2364.55         [3   ]0               
Row No: 3
[1   ]0               [2   ]1.42109e-013    [3   ]647.874         

Matrix M
Row No: 1
[1   ]0.202756        [2   ]0               [3   ]0               
Row No: 2
[1   ]0               [2   ]0.17388         [3   ]0               
Row No: 3
[1   ]0               [2   ]8.67362e-019    [3   ]0.000439164     

Matrix X
Column No: 1
[1   ]1               [2   ]0               [3   ]0               
Column No: 2
[1   ]0               [2   ]1               [3   ]2.89702         
Column No: 3
[1   ]0               [2   ]0.0311206       [3   ]1               

Iteration: 2
----------
Current eps: 1e-008
Coupling factors: (1,2) eptola 0 and eptolb 0
Coupling factors: (1,3) eptola 0 and eptolb 0
Coupling factors: (2,3) eptola 0 and eptolb 0

Eigenvalues 
[1   ]1.54944e+008    [2   ]13598.7         [3   ]1.47524e+006    
RESULTS ================================
Eigenvalue: 13598.7
Eigenvector: 
[1   ]0               [2   ]2.39814         [3   ]6.94746         

Eigenvalue: 1.47524e+006
Eigenvector: 
[1   ]0               [2   ]1.48503         [3   ]47.7185         

Eigenvalue: 1.54944e+008
Eigenvector: 
[1   ]2.22082         [2   ]0               [3   ]0               

