C:\USERS\MIKE\DESKTOP\GRAD CLASSES\CEE 532\PROGRAMS FROM E-BOOK\EXAMPLE2_7_3\DEBUG\MAIN.OBJ
C:\USERS\MIKE\DESKTOP\GRAD CLASSES\CEE 532\PROGRAMS FROM E-BOOK\EXAMPLE2_7_3\DEBUG\VC110.PDB
C:\USERS\MIKE\DESKTOP\GRAD CLASSES\CEE 532\PROGRAMS FROM E-BOOK\EXAMPLE2_7_3\DEBUG\EXAMPLE2_7_3.ILK
C:\USERS\MIKE\DESKTOP\GRAD CLASSES\CEE 532\PROGRAMS FROM E-BOOK\EXAMPLE2_7_3\DEBUG\EXAMPLE2_7_3.EXE
C:\USERS\MIKE\DESKTOP\GRAD CLASSES\CEE 532\PROGRAMS FROM E-BOOK\EXAMPLE2_7_3\DEBUG\EXAMPLE2_7_3.PDB
C:\Users\Mike\Desktop\Grad Classes\CEE 532\Programs from E-book\Example2_7_3\Debug\main.obj
C:\Users\Mike\Desktop\Grad Classes\CEE 532\Programs from E-book\Example2_7_3\Debug\Example2_7_3.ilk
C:\Users\Mike\Desktop\Grad Classes\CEE 532\Programs from E-book\Example2_7_3\Debug\cl.command.1.tlog
C:\Users\Mike\Desktop\Grad Classes\CEE 532\Programs from E-book\Example2_7_3\Debug\CL.read.1.tlog
C:\Users\Mike\Desktop\Grad Classes\CEE 532\Programs from E-book\Example2_7_3\Debug\CL.write.1.tlog
C:\Users\Mike\Desktop\Grad Classes\CEE 532\Programs from E-book\Example2_7_3\Debug\link-cvtres.read.1.tlog
C:\Users\Mike\Desktop\Grad Classes\CEE 532\Programs from E-book\Example2_7_3\Debug\link-cvtres.write.1.tlog
C:\Users\Mike\Desktop\Grad Classes\CEE 532\Programs from E-book\Example2_7_3\Debug\link-rc.read.1.tlog
C:\Users\Mike\Desktop\Grad Classes\CEE 532\Programs from E-book\Example2_7_3\Debug\link-rc.write.1.tlog
C:\Users\Mike\Desktop\Grad Classes\CEE 532\Programs from E-book\Example2_7_3\Debug\link.command.1.tlog
C:\Users\Mike\Desktop\Grad Classes\CEE 532\Programs from E-book\Example2_7_3\Debug\link.read.1.tlog
C:\Users\Mike\Desktop\Grad Classes\CEE 532\Programs from E-book\Example2_7_3\Debug\link.write.1.tlog
C:\Users\Mike\Desktop\Grad Classes\CEE 532\Programs from E-book\Example2_7_3\Debug\vc110.idb
C:\Users\Mike\Desktop\Grad Classes\CEE 532\Programs from E-book\Example2_7_3\Debug\Example2_7_3.pdb
C:\Users\Mike\Desktop\Grad Classes\CEE 532\Programs from E-book\Example2_7_3\Debug\vc110.pdb
C:\Users\Mike\Desktop\Grad Classes\CEE 532\Programs from E-book\Example2_7_3\Debug\Example2_7_3.exe
