********************************************************************************
Probe Values Report, written on Tue Mar 15 22:00:21 2016

Source
-------

   ODB: C:/Temp/Job-1.odb
   Step: Step-1
   Frame: Increment      1: Step Time =    1.000
   Variable: S, Mises (Avg: 75)

Probe values reported at nodes

  Part Instance     Node ID                   Orig. Coords                                     Def. Coords                 
                                    X               Y               Z               X               Y               Z      
-------------------------------------------------------------------------------------------------------------------------
     PLATE-1          24              0.        750.E-03              0.     1.29972E-36     749.905E-03              0.
     PLATE-1           9              0.              2.              0.     342.396E-39         1.99988              0.


  Part Instance     Node ID  Attached elements        S, Mises
---------------------------------------------------------------
     PLATE-1          24              48     5.37383E+03
     PLATE-1          24              79     5.37383E+03
     PLATE-1           9               9     1.97639E+03
     PLATE-1           9              39     1.97639E+03


