
********************************************************************************
Probe Values Report, written on Tue Mar 15 21:54:30 2016

Source
-------

   ODB: C:/Temp/Job-1.odb
   Step: Step-1
   Frame: Increment      1: Step Time =    1.000
   Variable: S, Mises (Avg: 75)

Probe values reported at nodes

  Part Instance     Node ID                   Orig. Coords                                     Def. Coords                 
                                    X               Y               Z               X               Y               Z      
-------------------------------------------------------------------------------------------------------------------------
     PLATE-1          24              0.        750.E-03              0.    -3.72733E-36     749.912E-03   A           0.
     PLATE-1           9              0.              2.              0.     412.149E-39         1.99989   B           0.


  Part Instance     Node ID  Attached elements        S, Mises
---------------------------------------------------------------
     PLATE-1          24             105     5.64772E+03 A
     PLATE-1          24             168     5.64772E+03
     PLATE-1           9              25     1.86472E+03 B
     PLATE-1           9              94     1.86472E+03


