
                                                   _______________________________________________
                                                                                                  
                                                                FRAME3D Version 2.80              
                                                         Copyright(c), 1999-2015 S. D. Rajan      
                                                           Department of Civil Engineering        
                                                               Arizona State University           
                                                                 Tempe, AZ 85287-5306             
                                                   _______________________________________________


 -------------------------------------------
 Report created on: 10/27/15    at: 01:56 PM
 -------------------------------------------

         Total Number of Nodes: 6
      Total Number of Elements: 3
     Number of Material Groups: 1
     Number of Property Groups: 1
               Number of MPC's: 0
          Number of Load Cases: 3
         Mass of the structure: 9864.6 kg
   Acceleration due to gravity: -10 m/s^2
       Weight of the structure: 98646 N



                                                             Element Property Dimensions
             ----------------------------------------------------------------------------------------------------------------------------
             Property  Type                          Dimension     Dimension     Dimension     Dimension     Dimension     Dimension     
                                                         1             2             3             4             5             6         
                                                     (m)           (m)           (m)           (m)           (m)           (m)           
             ----------------------------------------------------------------------------------------------------------------------------
             SC        Circular Solid                0.1                                                                                 
             

                                                                  Element Properties
       ----------------------------------------------------------------------------------------------------------------------------------------
       Property  Type                          Area            Izz             Iyy             J               SFzz            SFyy            
                                               (m^2)           (m^4)           (m^4)           (m^4)           (m^2)           (m^2)           
       ----------------------------------------------------------------------------------------------------------------------------------------
       SC        Circular Solid                0.0314159       7.85398e-005    7.85398e-005    0.00015708      0.0235619       0.0235619       
       
       Min                                     0.0314159       7.85398e-005    7.85398e-005    0.00015708      0.0235619       0.0235619       
       Property                                SC              SC              SC              SC              SC              SC              
       Max                                     0.0314159       7.85398e-005    7.85398e-005    0.00015708      0.0235619       0.0235619       
       Property                                SC              SC              SC              SC              SC              SC              
       

                                                              Element Properties Summary
                        ------------------------------------------------------------------------------------------------------
                        Property    Type                          Area/Thk/k     Length/Area    Volume         Mass           
                                                                  (m^2/^1)       (m^1/^2)       (m^3)          (kg)           
                        ------------------------------------------------------------------------------------------------------
                        SC          Circular Solid                0.0314159      40             1.25664        9864.6         
                        

                                                                    Material Data
                            ----------------------------------------------------------------------------------------------
                            Material  Type                Young's         Coef of TE      Mass            Poisson's       
                                                          Modulus                         Density         Ratio           
                                                          (Pa)            (1/C)           (kg/m^3)                        
                            ----------------------------------------------------------------------------------------------
                            Steel     Custom              2e+011          1.2e-005        7850            0.3             
                            
                            Min                           2e+011          1.2e-005        7850            0.3             
                            Material                      Steel           Steel           Steel           Steel           
                            Max                           2e+011          1.2e-005        7850            0.3             
                            Material                      Steel           Steel           Steel           Steel           
                            

                                                                      Nodal Data
                                             ------------------------------------------------------------
                                             Node        X Coor          Y Coor          Z Coor          
                                                         (m)             (m)             (m)             
                                             ------------------------------------------------------------
                                             1           0               0               0               
                                             2           0               0               10              
                                             3           20              0               10              
                                             4           20              0               0               
                                             Ref1        0               1               10              
                                             Ref2        20              1               0               
                                             
                                             Min         0               0               0               
                                             Node        1               1               1               
                                             Max         20              1               10              
                                             Node        3               Ref1            2               
                                             

                                                                     Element Data
                                  ----------------------------------------------------------------------------------
                                  Element   Type    Material    Property    First     Second    Third     Fourth    
                                                    Group       Group       Node      Node      Node      Node      
                                  ----------------------------------------------------------------------------------
                                  _1        Beam    Steel       SC          1         2         Ref1                
                                  _2        Beam    Steel       SC          2         3         Ref1                
                                  _3        Beam    Steel       SC          4         3         Ref2                
                                  

                                                                    Nodal BC Data
                                        ----------------------------------------------------------------------
                                        Node      X-Disp.   Y-Disp.   Z-Disp.   X-Rot.    Y-Rot.    Z-Rot.    
                                        ----------------------------------------------------------------------
                                        1         Fixed     Fixed     Fixed     Fixed     Fixed     Fixed     
                                        4         Fixed     Fixed     Fixed     Fixed     Fixed     Fixed     
                                        Ref1      Fixed     Fixed     Fixed     Fixed     Fixed     Fixed     
                                        Ref2      Fixed     Fixed     Fixed     Fixed     Fixed     Fixed     
                                        

                                                          Nodal Load Data for Load Case: CL1
                     ------------------------------------------------------------------------------------------------------------
                     Node      X-Force       Y-Force       Z-Force       X-Moment      Y-Moment      Z-Moment      DeltaT        
                               (N)           (N)           (N)           (N-m)         (N-m)         (N-m)         (C)           
                     ------------------------------------------------------------------------------------------------------------
                     
                                                             This is a derived load case.
                                                           Load Case: DL. Load Factor: 1.6
                                                           Load Case: WL. Load Factor: 0.5

                                                          Nodal Load Data for Load Case: DL
                     ------------------------------------------------------------------------------------------------------------
                     Node      X-Force       Y-Force       Z-Force       X-Moment      Y-Moment      Z-Moment      DeltaT        
                               (N)           (N)           (N)           (N-m)         (N-m)         (N-m)         (C)           
                     ------------------------------------------------------------------------------------------------------------
                     2         0             0             -10000        0             0             0             0             
                     3         0             0             -10000        0             0             0             0             
                     
                     Min       0             0             -10000        0             0             0             0             
                     Node      2             2             2             2             2             2             2             
                     Max       0             0             -10000        0             0             0             0             
                     Node      2             2             2             2             2             2             2             
                     

                                                          Nodal Load Data for Load Case: WL
                     ------------------------------------------------------------------------------------------------------------
                     Node      X-Force       Y-Force       Z-Force       X-Moment      Y-Moment      Z-Moment      DeltaT        
                               (N)           (N)           (N)           (N-m)         (N-m)         (N-m)         (C)           
                     ------------------------------------------------------------------------------------------------------------
                     2         20000         0             0             0             0             0             0             
                     
                     Min       20000         0             0             0             0             0             0             
                     Node      2             2             2             2             2             2             2             
                     Max       20000         0             0             0             0             0             0             
                     Node      2             2             2             2             2             2             2             
                     


                                                     --------------------------------------------
                                                                  Structural Response            
                                                     --------------------------------------------

     ++++++++++++++++++++++++++++++++++++++++
     Warning: Numerical cutoff values in use.
     ++++++++++++++++++++++++++++++++++++++++
                         Number of Degrees of Freedom: 12
  Number of nonzero coefficients before factorization: 66
   Number of nonzero coefficients after factorization: 66
                                           % sparsity: 84.6154

                                  Solution Error Norm: 0
                   Wall Clock Total Analysis Time (s): 1


                                                     --------------------------------------------
                                                   ---- Structural Response for Load Case CL1 -----
                                                     --------------------------------------------


                                                        Nodal Displacements for Load Case CL1
                         ----------------------------------------------------------------------------------------------------
                         Node      X-Disp         Y-Disp         Z-Disp         X-Rotation     Y-Rotation     Z-Rotation     
                                   (m)            (m)            (m)            (rad)          (rad)          (rad)          
                         ----------------------------------------------------------------------------------------------------
                         2         0.0464293      0              -2.24807e-005  0              0.00398005     0              
                         3         0.0464134      0              -2.84489e-005  0              0.00397814     0              
                         
                         Min       0.0464134      0              -2.84489e-005  0              0.00397814     0              
                         Node      3              2              3              2              3              2              
                         Max       0.0464293      0              -2.24807e-005  0              0.00398005     0              
                         Node      2              2              2              2              2              2              
                         

                                                         Support Reactions for Load Case CL1
                         ----------------------------------------------------------------------------------------------------
                         Node      X-Force        Y-Force        Z-Force        X-Moment       Y-Moment       Z-Moment       
                                   (N)            (N)            (N)            (N-m)          (N-m)          (N-m)          
                         ----------------------------------------------------------------------------------------------------
                         1         -5000.6        0              14125          0              -31254.9       0              
                         4         -4999.4        0              17875          0              -31245.9       0              
                         
                         Min       -5000.6        0              14125          0              -31254.9       0              
                         Node      1              1              1              1              1              1              
                         Max       -4999.4        0              17875          0              -31245.9       0              
                         Node      4              1              4              1              4              1              
                         Sum       -10000         0              32000          0              -62500.7       0              
                         

                                                Beam Element Nodal Forces (local axes). Load Case CL1
                    --------------------------------------------------------------------------------------------------------------
                    Elem      Node      Axial Force    y Shear Force  z Shear Force  Torsion        Moment y       Moment z       
                                        (N)            (N)            (N)            (N-m)          (N-m)          (N-m)          
                    --------------------------------------------------------------------------------------------------------------
                    _1        1         14125          -5000.6        0              0              0              -31254.9       
                              2         -14125         5000.6         0              0              0              -18751.1       
                    _2        2         4999.4         1874.96        0              0              0              18751.1        
                              3         -4999.4        -1874.96       0              0              0              18748.1        
                    _3        4         17875          -4999.4        0              0              0              -31245.9       
                              3         -17875         4999.4         0              0              0              -18748.1       
                    
                    Min                 -17875         -5000.6        0              0              0              -31254.9       
                    Element             _3             _1             _1             _1             _1             _1             
                    Max                 17875          5000.6         0              0              0              18751.1        
                    Element             _3             _1             _1             _1             _1             _2             
                    

                                                    Beam - Max. Element Stresses for Load Case CL1
                                         --------------------------------------------------------------------
                                         Elem      Node      Compressive     Tensile         Shear           
                                                             (Pa)            (Pa)            (Pa)            
                                         --------------------------------------------------------------------
                                         _1        1         -4.02445e+007   3.93453e+007    212232          
                                                   2         -2.43243e+007   2.34251e+007    212232          
                                                   QP        -2.41309e+007   2.36241e+007    212232          
                                         _2        2         -2.40338e+007   2.37156e+007    79576           
                                                   3         -2.403e+007     2.37117e+007    79576           
                                                   QP        -3.65344e+008   3.65025e+008    1.64958e+006    
                                         _3        4         -4.03524e+007   3.92145e+007    212181          
                                                   3         -2.44399e+007   2.33019e+007    212181          
                                                   QP        -2.42426e+007   2.34971e+007    212181          
                                         
                                         Max                 -2.403e+007     3.65025e+008    1.64958e+006    
                                         Element             _2              _2              _2              
                                         Min                 -3.65344e+008   2.33019e+007    79576           
                                         Element             _2              _3              _2              
                                         
                                                     --------------------------------------------
                                                   ---- Structural Response for Load Case DL -----
                                                     --------------------------------------------


                                                         Nodal Displacements for Load Case DL
                         ----------------------------------------------------------------------------------------------------
                         Node      X-Disp         Y-Disp         Z-Disp         X-Rotation     Y-Rotation     Z-Rotation     
                                   (m)            (m)            (m)            (rad)          (rad)          (rad)          
                         ----------------------------------------------------------------------------------------------------
                         2         0              0              -1.59155e-005  0              0              0              
                         3         0              0              -1.59155e-005  0              0              0              
                         
                         Min       0              0              -1.59155e-005  0              0              0              
                         Node      2              2              2              2              2              2              
                         Max       0              0              -1.59155e-005  0              0              0              
                         Node      2              2              2              2              2              2              
                         

                                                          Support Reactions for Load Case DL
                         ----------------------------------------------------------------------------------------------------
                         Node      X-Force        Y-Force        Z-Force        X-Moment       Y-Moment       Z-Moment       
                                   (N)            (N)            (N)            (N-m)          (N-m)          (N-m)          
                         ----------------------------------------------------------------------------------------------------
                         1         0              0              10000          0              0              0              
                         4         0              0              10000          0              0              0              
                         
                         Min       0              0              10000          0              0              0              
                         Node      1              1              1              1              1              1              
                         Max       0              0              10000          0              0              0              
                         Node      1              1              1              1              1              1              
                         Sum       0              0              20000          0              0              0              
                         

                                                 Beam Element Nodal Forces (local axes). Load Case DL
                    --------------------------------------------------------------------------------------------------------------
                    Elem      Node      Axial Force    y Shear Force  z Shear Force  Torsion        Moment y       Moment z       
                                        (N)            (N)            (N)            (N-m)          (N-m)          (N-m)          
                    --------------------------------------------------------------------------------------------------------------
                    _1        1         10000          0              0              0              0              0              
                              2         -10000         0              0              0              0              0              
                    _2        2         0              0              0              0              0              0              
                              3         0              0              0              0              0              0              
                    _3        4         10000          0              0              0              0              0              
                              3         -10000         0              0              0              0              0              
                    
                    Min                 -10000         0              0              0              0              0              
                    Element             _1             _1             _1             _1             _1             _1             
                    Max                 10000          0              0              0              0              0              
                    Element             _1             _1             _1             _1             _1             _1             
                    

                                                    Beam - Max. Element Stresses for Load Case DL
                                         --------------------------------------------------------------------
                                         Elem      Node      Compressive     Tensile         Shear           
                                                             (Pa)            (Pa)            (Pa)            
                                         --------------------------------------------------------------------
                                         _1        1         -318310         0               0               
                                                   2         -318310         0               0               
                                                   QP        -122060         270440          3.25095e-015    
                                         _3        4         -318310         0               0               
                                                   3         -318310         0               0               
                                                   QP        -122060         270440          5.67426e-016    
                                         
                                         Max                 -122060         270440          3.25095e-015    
                                         Element             _1              _1              _1              
                                         Min                 -318310         0               0               
                                         Element             _1              _1              _1              
                                         
                                                     --------------------------------------------
                                                   ---- Structural Response for Load Case WL -----
                                                     --------------------------------------------


                                                         Nodal Displacements for Load Case WL
                         ----------------------------------------------------------------------------------------------------
                         Node      X-Disp         Y-Disp         Z-Disp         X-Rotation     Y-Rotation     Z-Rotation     
                                   (m)            (m)            (m)            (rad)          (rad)          (rad)          
                         ----------------------------------------------------------------------------------------------------
                         2         0.0928585      0              5.9682e-006    0              0.0079601      0              
                         3         0.0928267      0              -5.9682e-006   0              0.00795629     0              
                         
                         Min       0.0928267      0              -5.9682e-006   0              0.00795629     0              
                         Node      3              2              3              2              3              2              
                         Max       0.0928585      0              5.9682e-006    0              0.0079601      0              
                         Node      2              2              2              2              2              2              
                         

                                                          Support Reactions for Load Case WL
                         ----------------------------------------------------------------------------------------------------
                         Node      X-Force        Y-Force        Z-Force        X-Moment       Y-Moment       Z-Moment       
                                   (N)            (N)            (N)            (N-m)          (N-m)          (N-m)          
                         ----------------------------------------------------------------------------------------------------
                         1         -10001.2       0              -3749.93       0              -62509.7       0              
                         4         -9998.8        0              3749.93        0              -62491.7       0              
                         
                         Min       -10001.2       0              -3749.93       0              -62509.7       0              
                         Node      1              1              1              1              1              1              
                         Max       -9998.8        0              3749.93        0              -62491.7       0              
                         Node      4              1              4              1              4              1              
                         Sum       -20000         0              0              0              -125001        0              
                         

                                                 Beam Element Nodal Forces (local axes). Load Case WL
                    --------------------------------------------------------------------------------------------------------------
                    Elem      Node      Axial Force    y Shear Force  z Shear Force  Torsion        Moment y       Moment z       
                                        (N)            (N)            (N)            (N-m)          (N-m)          (N-m)          
                    --------------------------------------------------------------------------------------------------------------
                    _1        1         -3749.93       -10001.2       0              0              0              -62509.7       
                              2         3749.93        10001.2        0              0              0              -37502.3       
                    _2        2         9998.8         3749.93        0              0              0              37502.3        
                              3         -9998.8        -3749.93       0              0              0              37496.3        
                    _3        4         3749.93        -9998.8        0              0              0              -62491.7       
                              3         -3749.93       9998.8         0              0              0              -37496.3       
                    
                    Min                 -9998.8        -10001.2       0              0              0              -62509.7       
                    Element             _2             _1             _1             _1             _1             _1             
                    Max                 9998.8         10001.2        0              0              0              37502.3        
                    Element             _2             _1             _1             _1             _1             _2             
                    

                                                    Beam - Max. Element Stresses for Load Case WL
                                         --------------------------------------------------------------------
                                         Elem      Node      Compressive     Tensile         Shear           
                                                             (Pa)            (Pa)            (Pa)            
                                         --------------------------------------------------------------------
                                         _1        1         -7.94705e+007   7.97092e+007    424464          
                                                   2         -4.763e+007     4.78688e+007    424464          
                                                   QP        -4.74394e+007   4.80706e+007    424464          
                                         _2        2         -4.80677e+007   4.74311e+007    159152          
                                                   3         -4.806e+007     4.74235e+007    159152          
                                                   QP        -3.77437e+008   3.76801e+008    1.72915e+006    
                                         _3        4         -7.96863e+007   7.94475e+007    424362          
                                                   3         -4.78611e+007   4.76224e+007    424362          
                                                   QP        -4.76629e+007   4.78166e+007    424362          
                                         
                                         Max                 -4.74394e+007   3.76801e+008    1.72915e+006    
                                         Element             _1              _2              _2              
                                         Min                 -3.77437e+008   4.74235e+007    159152          
                                         Element             _2              _2              _2              
                                         

------------------------------
 WALL CLOCK TIME DURATIONS (s)
------------------------------
Rearranging equations               : 0
Constructing system equations       : 0
Symbolic factorization              : 0
Numerical Factorization             : 0
Solving for nodal unknowns          : 0
              Forward solution time : 0
             Backward solution time : 0
Computing element responses         : 0
Database and report creation        : 0
Total Analysis Duration             : 0

         SYSTEM PERFORMANCE DETAILS
         --------------------------
            User Time: 2.21521 seconds
          Kernel Time: 0.452403 seconds
          Page Faults: 8738
Peak Working Set Size: 28.0742 MB
 Peak Page File Usage: 34.4063 MB
