
                                                   _______________________________________________
                                                                                                  
                                                                FRAME3D Version 2.80              
                                                         Copyright(c), 1999-2015 S. D. Rajan      
                                                           Department of Civil Engineering        
                                                               Arizona State University           
                                                                 Tempe, AZ 85287-5306             
                                                   _______________________________________________


 -------------------------------------------
 Report created on: 10/27/15    at: 02:48 PM
 -------------------------------------------

         Total Number of Nodes: 6
      Total Number of Elements: 3
     Number of Material Groups: 1
     Number of Property Groups: 1
               Number of MPC's: 0
          Number of Load Cases: 4
         Mass of the structure: 9864.6 kg
   Acceleration due to gravity: -10 m/s^2
       Weight of the structure: 98646 N



                                                             Element Property Dimensions
             ----------------------------------------------------------------------------------------------------------------------------
             Property  Type                          Dimension     Dimension     Dimension     Dimension     Dimension     Dimension     
                                                         1             2             3             4             5             6         
                                                     (m)           (m)           (m)           (m)           (m)           (m)           
             ----------------------------------------------------------------------------------------------------------------------------
             SC        Circular Solid                0.1                                                                                 
             

                                                                  Element Properties
       ----------------------------------------------------------------------------------------------------------------------------------------
       Property  Type                          Area            Izz             Iyy             J               SFzz            SFyy            
                                               (m^2)           (m^4)           (m^4)           (m^4)           (m^2)           (m^2)           
       ----------------------------------------------------------------------------------------------------------------------------------------
       SC        Circular Solid                0.0314159       7.85398e-005    7.85398e-005    0.00015708      0.0235619       0.0235619       
       
       Min                                     0.0314159       7.85398e-005    7.85398e-005    0.00015708      0.0235619       0.0235619       
       Property                                SC              SC              SC              SC              SC              SC              
       Max                                     0.0314159       7.85398e-005    7.85398e-005    0.00015708      0.0235619       0.0235619       
       Property                                SC              SC              SC              SC              SC              SC              
       

                                                              Element Properties Summary
                        ------------------------------------------------------------------------------------------------------
                        Property    Type                          Area/Thk/k     Length/Area    Volume         Mass           
                                                                  (m^2/^1)       (m^1/^2)       (m^3)          (kg)           
                        ------------------------------------------------------------------------------------------------------
                        SC          Circular Solid                0.0314159      40             1.25664        9864.6         
                        

                                                                    Material Data
                            ----------------------------------------------------------------------------------------------
                            Material  Type                Young's         Coef of TE      Mass            Poisson's       
                                                          Modulus                         Density         Ratio           
                                                          (Pa)            (1/C)           (kg/m^3)                        
                            ----------------------------------------------------------------------------------------------
                            Steel     Custom              2e+011          1.2e-005        7850            0.3             
                            
                            Min                           2e+011          1.2e-005        7850            0.3             
                            Material                      Steel           Steel           Steel           Steel           
                            Max                           2e+011          1.2e-005        7850            0.3             
                            Material                      Steel           Steel           Steel           Steel           
                            

                                                                      Nodal Data
                                             ------------------------------------------------------------
                                             Node        X Coor          Y Coor          Z Coor          
                                                         (m)             (m)             (m)             
                                             ------------------------------------------------------------
                                             1           0               0               0               
                                             2           0               0               10              
                                             3           20              0               10              
                                             4           20              0               0               
                                             Ref1        0               1               10              
                                             Ref2        20              1               0               
                                             
                                             Min         0               0               0               
                                             Node        1               1               1               
                                             Max         20              1               10              
                                             Node        3               Ref1            2               
                                             

                                                                     Element Data
                                  ----------------------------------------------------------------------------------
                                  Element   Type    Material    Property    First     Second    Third     Fourth    
                                                    Group       Group       Node      Node      Node      Node      
                                  ----------------------------------------------------------------------------------
                                  _1        Beam    Steel       SC          1         2         Ref1                
                                  _2        Beam    Steel       SC          2         3         Ref1                
                                  _3        Beam    Steel       SC          4         3         Ref2                
                                  

                                                                    Nodal BC Data
                                        ----------------------------------------------------------------------
                                        Node      X-Disp.   Y-Disp.   Z-Disp.   X-Rot.    Y-Rot.    Z-Rot.    
                                        ----------------------------------------------------------------------
                                        1         Fixed     Fixed     Fixed     Fixed     Fixed     Fixed     
                                        4         Fixed     Fixed     Fixed     Fixed     Fixed     Fixed     
                                        
					 Load Case Data
					 --------------

		Information for Load Case: CL1
			This is a derived load case.
			Load Case: DL. Load Factor: 1.6
			Load Case: WL. Load Factor: 0.5

		Information for Load Case: DL
			This is a basic load case.
			Structural self-weight will be computed.

		Information for Load Case: SW+WL
			This is a derived load case.
			Load Case: DL. Load Factor: 1
			Load Case: WL. Load Factor: 1

		Information for Load Case: WL
			This is a basic load case.



                                                          Nodal Load Data for Load Case: CL1
                     ------------------------------------------------------------------------------------------------------------
                     Node      X-Force       Y-Force       Z-Force       X-Moment      Y-Moment      Z-Moment      DeltaT        
                               (N)           (N)           (N)           (N-m)         (N-m)         (N-m)         (C)           
                     ------------------------------------------------------------------------------------------------------------
                                                                  No data in table.


                                                          Nodal Load Data for Load Case: DL
                     ------------------------------------------------------------------------------------------------------------
                     Node      X-Force       Y-Force       Z-Force       X-Moment      Y-Moment      Z-Moment      DeltaT        
                               (N)           (N)           (N)           (N-m)         (N-m)         (N-m)         (C)           
                     ------------------------------------------------------------------------------------------------------------
                     2         0             0             -10000        0             0             0             0             
                     3         0             0             -10000        0             0             0             0             
                     
                     Min       0             0             -10000        0             0             0             0             
                     Node      2             2             2             2             2             2             2             
                     Max       0             0             -10000        0             0             0             0             
                     Node      2             2             2             2             2             2             2             
                     

                                                         Nodal Load Data for Load Case: SW+WL
                     ------------------------------------------------------------------------------------------------------------
                     Node      X-Force       Y-Force       Z-Force       X-Moment      Y-Moment      Z-Moment      DeltaT        
                               (N)           (N)           (N)           (N-m)         (N-m)         (N-m)         (C)           
                     ------------------------------------------------------------------------------------------------------------
                                                                  No data in table.


                                                          Nodal Load Data for Load Case: WL
                     ------------------------------------------------------------------------------------------------------------
                     Node      X-Force       Y-Force       Z-Force       X-Moment      Y-Moment      Z-Moment      DeltaT        
                               (N)           (N)           (N)           (N-m)         (N-m)         (N-m)         (C)           
                     ------------------------------------------------------------------------------------------------------------
                     2         20000         0             0             0             0             0             0             
                     
                     Min       20000         0             0             0             0             0             0             
                     Node      2             2             2             2             2             2             2             
                     Max       20000         0             0             0             0             0             0             
                     Node      2             2             2             2             2             2             2             
                     


                                                     --------------------------------------------
                                                                  Structural Response            
                                                     --------------------------------------------

     ++++++++++++++++++++++++++++++++++++++++
     Warning: Numerical cutoff values in use.
     ++++++++++++++++++++++++++++++++++++++++
                         Number of Degrees of Freedom: 12
  Number of nonzero coefficients before factorization: 66
   Number of nonzero coefficients after factorization: 66
                                           % sparsity: 84.6154

                                  Solution Error Norm: 0
                   Wall Clock Total Analysis Time (s): 1


                                                     --------------------------------------------
                                                   ---- Structural Response for Load Case CL1 -----
                                                     --------------------------------------------


                                                        Nodal Displacements for Load Case CL1
                         ----------------------------------------------------------------------------------------------------
                         Node      X-Disp         Y-Disp         Z-Disp         X-Rotation     Y-Rotation     Z-Rotation     
                                   (m)            (m)            (m)            (rad)          (rad)          (rad)          
                         ----------------------------------------------------------------------------------------------------
                         2         0.0464544      0              -0.000116681   0              0.0207297      0              
                         3         0.0463882      0              -0.000122649   0              -0.0127715     0              
                         
                         Min       0.0463882      0              -0.000122649   0              -0.0127715     0              
                         Node      3              2              3              2              3              2              
                         Max       0.0464544      0              -0.000116681   0              0.0207297      0              
                         Node      2              2              2              2              2              2              
                         

                                                         Support Reactions for Load Case CL1
                         ----------------------------------------------------------------------------------------------------
                         Node      X-Force        Y-Force        Z-Force        X-Moment       Y-Moment       Z-Moment       
                                   (N)            (N)            (N)            (N-m)          (N-m)          (N-m)          
                         ----------------------------------------------------------------------------------------------------
                         1         10780.9        0              93041.8        0              21342.1        0              
                         4         -20780.9       0              96791.8        0              -83842.9       0              
                         
                         Min       -20780.9       0              93041.8        0              -83842.9       0              
                         Node      4              1              1              1              4              1              
                         Max       10780.9        0              96791.8        0              21342.1        0              
                         Node      1              1              4              1              1              1              
                         Sum       -10000         0              189834         0              -62500.7       0              
                         

                                                Beam Element Nodal Forces (local axes). Load Case CL1
                    --------------------------------------------------------------------------------------------------------------
                    Elem      Node      Axial Force    y Shear Force  z Shear Force  Torsion        Moment y       Moment z       
                                        (N)            (N)            (N)            (N-m)          (N-m)          (N-m)          
                    --------------------------------------------------------------------------------------------------------------
                    _1        1         93041.8        10780.9        0              0              0              21342.1        
                              2         -53583.4       -10780.9       0              0              0              86466.5        
                    _2        2         20780.9        -37583.4       0              0              0              -86466.5       
                              3         -20780.9       -41333.4       0              0              0              123966         
                    _3        4         96791.8        -20780.9       0              0              0              -83842.9       
                              3         -57333.4       20780.9        0              0              0              -123966        
                    
                    Min                 -57333.4       -41333.4       0              0              0              -123966        
                    Element             _3             _2             _1             _1             _1             _3             
                    Max                 96791.8        20780.9        0              0              0              123966         
                    Element             _3             _3             _1             _1             _1             _2             
                    

                                                    Beam - Max. Element Stresses for Load Case CL1
                                         --------------------------------------------------------------------
                                         Elem      Node      Compressive     Tensile         Shear           
                                                             (Pa)            (Pa)            (Pa)            
                                         --------------------------------------------------------------------
                                         _1        1         -3.01353e+007   2.42121e+007    457554          
                                                   2         -1.11798e+008   1.08387e+008    457554          
                                                   QP        -7.81489e+007   7.34032e+007    457554          
                                         _2        2         -1.10754e+008   1.09431e+008    1.59509e+006    
                                                   3         -1.585e+008     1.57177e+008    1.75424e+006    
                                                   QP        -2.5511e+008    2.53787e+008    1.07176e+006    
                                         _3        4         -1.09833e+008   1.03671e+008    881967          
                                                   3         -1.59663e+008   1.56013e+008    881967          
                                                   QP        -9.41829e+007   8.91984e+007    881967          
                                         
                                         Max                 -3.01353e+007   2.53787e+008    1.75424e+006    
                                         Element             _1              _2              _2              
                                         Min                 -2.5511e+008    2.42121e+007    457554          
                                         Element             _2              _1              _1              
                                         
                                                     --------------------------------------------
                                                   ---- Structural Response for Load Case DL -----
                                                     --------------------------------------------


                                                         Nodal Displacements for Load Case DL
                         ----------------------------------------------------------------------------------------------------
                         Node      X-Disp         Y-Disp         Z-Disp         X-Rotation     Y-Rotation     Z-Rotation     
                                   (m)            (m)            (m)            (rad)          (rad)          (rad)          
                         ----------------------------------------------------------------------------------------------------
                         2         1.56981e-005   0              -7.47905e-005  0              0.0104686      0              
                         3         -1.56981e-005  0              -7.47905e-005  0              -0.0104686     0              
                         
                         Min       -1.56981e-005  0              -7.47905e-005  0              -0.0104686     0              
                         Node      3              2              2              2              3              2              
                         Max       1.56981e-005   0              -7.47905e-005  0              0.0104686      0              
                         Node      2              2              2              2              2              2              
                         

                                                          Support Reactions for Load Case DL
                         ----------------------------------------------------------------------------------------------------
                         Node      X-Force        Y-Force        Z-Force        X-Moment       Y-Moment       Z-Moment       
                                   (N)            (N)            (N)            (N-m)          (N-m)          (N-m)          
                         ----------------------------------------------------------------------------------------------------
                         1         9863.42        0              59323          0              32873.1        0              
                         4         -9863.42       0              59323          0              -32873.1       0              
                         
                         Min       -9863.42       0              59323          0              -32873.1       0              
                         Node      4              1              1              1              4              1              
                         Max       9863.42        0              59323          0              32873.1        0              
                         Node      1              1              1              1              1              1              
                         Sum       -1.81899e-012  0              118646         0              -7.27596e-012  0              
                         

                                                 Beam Element Nodal Forces (local axes). Load Case DL
                    --------------------------------------------------------------------------------------------------------------
                    Elem      Node      Axial Force    y Shear Force  z Shear Force  Torsion        Moment y       Moment z       
                                        (N)            (N)            (N)            (N-m)          (N-m)          (N-m)          
                    --------------------------------------------------------------------------------------------------------------
                    _1        1         59323          9863.42        0              0              0              32873.1        
                              2         -34661.5       -9863.42       0              0              0              65761          
                    _2        2         9863.42        -24661.5       0              0              0              -65761         
                              3         -9863.42       -24661.5       0              0              0              65761          
                    _3        4         59323          -9863.42       0              0              0              -32873.1       
                              3         -34661.5       9863.42        0              0              0              -65761         
                    
                    Min                 -34661.5       -24661.5       0              0              0              -65761         
                    Element             _1             _2             _1             _1             _1             _3             
                    Max                 59323          9863.42        0              0              0              65761          
                    Element             _1             _3             _1             _1             _1             _1             
                    

                                                    Beam - Max. Element Stresses for Load Case DL
                                         --------------------------------------------------------------------
                                         Elem      Node      Compressive     Tensile         Shear           
                                                             (Pa)            (Pa)            (Pa)            
                                         --------------------------------------------------------------------
                                         _1        1         -4.37437e+007   3.99671e+007    418616          
                                                   2         -8.48329e+007   8.26263e+007    418616          
                                                   QP        -5.36329e+007   5.10338e+007    418616          
                                         _2        2         -8.40435e+007   8.34156e+007    1.04667e+006    
                                                   3         -8.40435e+007   8.34156e+007    1.04667e+006    
                                                   QP        -7.35844e+007   7.29565e+007    523333          
                                         _3        4         -4.37437e+007   3.99671e+007    418616          
                                                   3         -8.48329e+007   8.26263e+007    418616          
                                                   QP        -5.36329e+007   5.10338e+007    418616          
                                         
                                         Max                 -4.37437e+007   8.34156e+007    1.04667e+006    
                                         Element             _1              _2              _2              
                                         Min                 -8.48329e+007   3.99671e+007    418616          
                                         Element             _1              _1              _1              
                                         
                                                     --------------------------------------------
                                                  ---- Structural Response for Load Case SW+WL -----
                                                     --------------------------------------------


                                                       Nodal Displacements for Load Case SW+WL
                         ----------------------------------------------------------------------------------------------------
                         Node      X-Disp         Y-Disp         Z-Disp         X-Rotation     Y-Rotation     Z-Rotation     
                                   (m)            (m)            (m)            (rad)          (rad)          (rad)          
                         ----------------------------------------------------------------------------------------------------
                         2         0.0928742      0              -6.88223e-005  0              0.0184287      0              
                         3         0.092811       0              -8.07587e-005  0              -0.00251226    0              
                         
                         Min       0.092811       0              -8.07587e-005  0              -0.00251226    0              
                         Node      3              2              3              2              3              2              
                         Max       0.0928742      0              -6.88223e-005  0              0.0184287      0              
                         Node      2              2              2              2              2              2              
                         

                                                        Support Reactions for Load Case SW+WL
                         ----------------------------------------------------------------------------------------------------
                         Node      X-Force        Y-Force        Z-Force        X-Moment       Y-Moment       Z-Moment       
                                   (N)            (N)            (N)            (N-m)          (N-m)          (N-m)          
                         ----------------------------------------------------------------------------------------------------
                         1         -137.783       0              55573.1        0              -29636.6       0              
                         4         -19862.2       0              63072.9        0              -95364.8       0              
                         
                         Min       -19862.2       0              55573.1        0              -95364.8       0              
                         Node      4              1              1              1              4              1              
                         Max       -137.783       0              63072.9        0              -29636.6       0              
                         Node      1              1              4              1              1              1              
                         Sum       -20000         0              118646         0              -125001        0              
                         

                                               Beam Element Nodal Forces (local axes). Load Case SW+WL
                    --------------------------------------------------------------------------------------------------------------
                    Elem      Node      Axial Force    y Shear Force  z Shear Force  Torsion        Moment y       Moment z       
                                        (N)            (N)            (N)            (N-m)          (N-m)          (N-m)          
                    --------------------------------------------------------------------------------------------------------------
                    _1        1         55573.1        -137.783       0              0              0              -29636.6       
                              2         -30911.6       137.783        0              0              0              28258.7        
                    _2        2         19862.2        -20911.6       0              0              0              -28258.7       
                              3         -19862.2       -28411.4       0              0              0              103257         
                    _3        4         63072.9        -19862.2       0              0              0              -95364.8       
                              3         -38411.4       19862.2        0              0              0              -103257        
                    
                    Min                 -38411.4       -28411.4       0              0              0              -103257        
                    Element             _3             _2             _1             _1             _1             _3             
                    Max                 63072.9        19862.2        0              0              0              103257         
                    Element             _3             _3             _1             _1             _1             _2             
                    

                                                   Beam - Max. Element Stresses for Load Case SW+WL
                                         --------------------------------------------------------------------
                                         Elem      Node      Compressive     Tensile         Shear           
                                                             (Pa)            (Pa)            (Pa)            
                                         --------------------------------------------------------------------
                                         _1        1         -3.95034e+007   3.59655e+007    5847.69         
                                                   2         -3.69641e+007   3.49962e+007    5847.69         
                                                   QP        -3.88686e+007   3.57232e+007    5847.69         
                                         _2        2         -3.66124e+007   3.53479e+007    887515          
                                                   3         -1.32104e+008   1.30839e+008    1.20582e+006    
                                                   QP        -7.39065e+007   7.2642e+007     682485          
                                         _3        4         -1.2343e+008    1.19415e+008    842979          
                                                   3         -1.32694e+008   1.30249e+008    842979          
                                                   QP        -6.96669e+007   6.6829e+007     842979          
                                         
                                         Max                 -3.66124e+007   1.30839e+008    1.20582e+006    
                                         Element             _2              _2              _2              
                                         Min                 -1.32694e+008   3.49962e+007    5847.69         
                                         Element             _3              _1              _1              
                                         
                                                     --------------------------------------------
                                                   ---- Structural Response for Load Case WL -----
                                                     --------------------------------------------


                                                         Nodal Displacements for Load Case WL
                         ----------------------------------------------------------------------------------------------------
                         Node      X-Disp         Y-Disp         Z-Disp         X-Rotation     Y-Rotation     Z-Rotation     
                                   (m)            (m)            (m)            (rad)          (rad)          (rad)          
                         ----------------------------------------------------------------------------------------------------
                         2         0.0928585      0              5.9682e-006    0              0.0079601      0              
                         3         0.0928267      0              -5.9682e-006   0              0.00795629     0              
                         
                         Min       0.0928267      0              -5.9682e-006   0              0.00795629     0              
                         Node      3              2              3              2              3              2              
                         Max       0.0928585      0              5.9682e-006    0              0.0079601      0              
                         Node      2              2              2              2              2              2              
                         

                                                          Support Reactions for Load Case WL
                         ----------------------------------------------------------------------------------------------------
                         Node      X-Force        Y-Force        Z-Force        X-Moment       Y-Moment       Z-Moment       
                                   (N)            (N)            (N)            (N-m)          (N-m)          (N-m)          
                         ----------------------------------------------------------------------------------------------------
                         1         -10001.2       0              -3749.93       0              -62509.7       0              
                         4         -9998.8        0              3749.93        0              -62491.7       0              
                         
                         Min       -10001.2       0              -3749.93       0              -62509.7       0              
                         Node      1              1              1              1              1              1              
                         Max       -9998.8        0              3749.93        0              -62491.7       0              
                         Node      4              1              4              1              4              1              
                         Sum       -20000         0              0              0              -125001        0              
                         

                                                 Beam Element Nodal Forces (local axes). Load Case WL
                    --------------------------------------------------------------------------------------------------------------
                    Elem      Node      Axial Force    y Shear Force  z Shear Force  Torsion        Moment y       Moment z       
                                        (N)            (N)            (N)            (N-m)          (N-m)          (N-m)          
                    --------------------------------------------------------------------------------------------------------------
                    _1        1         -3749.93       -10001.2       0              0              0              -62509.7       
                              2         3749.93        10001.2        0              0              0              -37502.3       
                    _2        2         9998.8         3749.93        0              0              0              37502.3        
                              3         -9998.8        -3749.93       0              0              0              37496.3        
                    _3        4         3749.93        -9998.8        0              0              0              -62491.7       
                              3         -3749.93       9998.8         0              0              0              -37496.3       
                    
                    Min                 -9998.8        -10001.2       0              0              0              -62509.7       
                    Element             _2             _1             _1             _1             _1             _1             
                    Max                 9998.8         10001.2        0              0              0              37502.3        
                    Element             _2             _1             _1             _1             _1             _2             
                    

                                                    Beam - Max. Element Stresses for Load Case WL
                                         --------------------------------------------------------------------
                                         Elem      Node      Compressive     Tensile         Shear           
                                                             (Pa)            (Pa)            (Pa)            
                                         --------------------------------------------------------------------
                                         _1        1         -7.94705e+007   7.97092e+007    424464          
                                                   2         -4.763e+007     4.78688e+007    424464          
                                                   QP        -4.74394e+007   4.80706e+007    424464          
                                         _2        2         -4.80677e+007   4.74311e+007    159152          
                                                   3         -4.806e+007     4.74235e+007    159152          
                                                   QP        -3.77437e+008   3.76801e+008    1.72915e+006    
                                         _3        4         -7.96863e+007   7.94475e+007    424362          
                                                   3         -4.78611e+007   4.76224e+007    424362          
                                                   QP        -4.76629e+007   4.78166e+007    424362          
                                         
                                         Max                 -4.74394e+007   3.76801e+008    1.72915e+006    
                                         Element             _1              _2              _2              
                                         Min                 -3.77437e+008   4.74235e+007    159152          
                                         Element             _2              _2              _2              
                                         

------------------------------
 WALL CLOCK TIME DURATIONS (s)
------------------------------
Rearranging equations               : 0
Constructing system equations       : 0
Symbolic factorization              : 0
Numerical Factorization             : 0
Solving for nodal unknowns          : 0
              Forward solution time : 0
             Backward solution time : 0
Computing element responses         : 0
Database and report creation        : 0
Total Analysis Duration             : 0

         SYSTEM PERFORMANCE DETAILS
         --------------------------
            User Time: 0.795605 seconds
          Kernel Time: 0.468003 seconds
          Page Faults: 8470
Peak Working Set Size: 28.0313 MB
 Peak Page File Usage: 36.5508 MB
