
		--------------------------------------------
		        Space Truss Analysis Program        
		Introduction to Structural Analysis & Design
		               November 2012                
		          (c) 2000-12, S. D. Rajan          
		--------------------------------------------

  Analysis date and time: Thu Apr 07 19:48:46 2016


------------
PROBLEM SIZE
------------
   Number of nodes : 18
Number of elements : 16
    Applied Torque : -500
     Shear Modulus : 1.15e+007

-----------------
NODAL COORDINATES
-----------------
Node    X-Coordinate    Y-Coordinate
----    ------------    ------------
   1               0               0
   2             0.5               0
   3               0            0.75
   4             0.5            0.75
   5               0             1.5
   6             0.5             1.5
   7               0               2
   8               1             1.5
   9               1               2
  10               2               2
  11               2             1.5
  12             1.5             1.5
  13               2            0.75
  14             1.5            0.75
  15               2               0
  16             1.5               0
  17             0.5               2
  18             1.5               2
----    ------------    ------------
 Min               0               0
Node               1               1

 Max               2               2
Node              10               7

--------------
NODAL BCs (default is UNKNOWN)
--------------
Node     Status 
----    --------
   1    Known
   2    Known
   3    Known
   5    Known
   7    Known
   9    Known
  10    Known
  11    Known
  13    Known
  15    Known
  16    Known
  17    Known
  18    Known

===================== FE RESULTS ========================

----------------------
AIRY's STRESS FUNCTION
----------------------
Node        ASF       
----    --------------
   4          0.200746
   6          0.179848
   8           0.22523
  12          0.221074
  14          0.207088
----    --------------
Min           0.179848
Node                 6

Max            0.22523
Node                 8

----------------
SHEAR STRESSES  
----------------
Element    Tau XZ           Tau YZ       
-------    -------------    -------------
      1               -0                0
      2         -345.614          518.421
      3               -0          518.421
      4          35.9792          464.452
      5               -0          464.452
      6          464.452                0
      7          464.452            117.2
      8          581.652                0
      9          581.652          -10.734
     10          570.918                0
     11          570.918         -570.918
     12               -0                0
     13               -0         -570.918
     14         -24.0784         -534.801
     15               -0         -534.801
     16         -356.534                0
-------    -------------    -------------
Min             -356.534         -570.918
Node                  16               11

Max              581.652          518.421
Element                8                2


  Angle of Twist : -0.000112282
