
		--------------------------------------------
		        Space Truss Analysis Program        
		Introduction to Structural Analysis & Design
		               November 2012                
		          (c) 2000-12, S. D. Rajan          
		--------------------------------------------

  Analysis date and time: Thu Apr 07 20:49:20 2016


------------
PROBLEM SIZE
------------
   Number of nodes : 65
Number of elements : 88
    Applied Torque : -500
     Shear Modulus : 1.15e+007

-----------------
NODAL COORDINATES
-----------------
Node    X-Coordinate    Y-Coordinate
----    ------------    ------------
   1               0               0
   2            0.25               0
   3             0.5               0
   4               0           0.375
   5            0.25           0.375
   6             0.5           0.375
   7               0            0.75
   8            0.25            0.75
   9             0.5            0.75
  10               0           1.125
  11            0.25           1.125
  12             0.5           1.125
  13               0             1.5
  14            0.25             1.5
  15             0.5             1.5
  16               0            1.75
  17            0.25            1.75
  18             0.5            1.75
  19               0               2
  20            0.25               2
  21             0.5               2
  22            0.75             1.5
  23               1             1.5
  24            1.25             1.5
  25            0.75            1.75
  26               1            1.75
  27            1.25            1.75
  28            0.75               2
  29               1               2
  30            1.25               2
  31             1.5             1.5
  32            1.75             1.5
  33               2             1.5
  34             1.5            1.75
  35            1.75            1.75
  36               2            1.75
  37             1.5               2
  38            1.75               2
  39               2               2
  40             1.5           1.125
  41            1.75           1.125
  42               2           1.125
  43             1.5            0.75
  44            1.75            0.75
  45               2            0.75
  46             1.5           0.375
  47            1.75           0.375
  48               2           0.375
  49             1.5               0
  50            1.75               0
  51               2               0
  52           0.125               0
  53           0.125           0.375
  54           0.125            0.75
  55           0.125           1.125
  56           0.125             1.5
  57           0.125            1.75
  58           0.125               2
  59           1.875               0
  60           1.875           0.375
  61           1.875            0.75
  62           1.875           1.125
  63           1.875             1.5
  64           1.875            1.75
  65           1.875               2
----    ------------    ------------
 Min               0               0
Node               1               1

 Max               2               2
Node              33              19

--------------
NODAL BCs (default is UNKNOWN)
--------------
Node     Status 
----    --------
   1    Known
   3    Known
   4    Known
   6    Known
   7    Known
   9    Known
  10    Known
  12    Known
  13    Known
  15    Known
  16    Known
  19    Known
  20    Known
  21    Known
  22    Known
  23    Known
  24    Known
  28    Known
  29    Known
  30    Known
  31    Known
  33    Known
  36    Known
  37    Known
  38    Known
  39    Known
  40    Known
  42    Known
  43    Known
  45    Known
  46    Known
  48    Known
  49    Known
  51    Known

===================== FE RESULTS ========================

----------------------
AIRY's STRESS FUNCTION
----------------------
Node        ASF       
----    --------------
   2         0.0664218
   5         0.0630485
   8         0.0625761
  11         0.0624853
  14         0.0623413
  17         0.0655336
  18         0.0633083
  25         0.0626997
  26         0.0624905
  27         0.0622621
  32         0.0627523
  34         0.0615581
  35         0.0589703
  41         0.0625106
  44         0.0624225
  47         0.0619513
  50         0.0585782
  52         0.0486737
  53         0.0472143
  54         0.0469255
  55         0.0468617
  56         0.0466921
  57         0.0455435
  58         0.0216087
  59         0.0450762
  60         0.0465355
  61         0.0468227
  62         0.0468653
  63         0.0466384
  64         0.0428591
  65         0.0210718
----    --------------
Min          0.0210718
Node                65

Max          0.0664218
Node                 2

----------------
SHEAR STRESSES  
----------------
Element    Tau XZ           Tau YZ       
-------    -------------    -------------
      1           26.358         -738.975
      2                0         -778.512
      3          3.69137         -733.438
      4                0         -738.975
      5          0.70975         -732.374
      6                0         -733.438
      7          1.12499         -730.686
      8                0         -732.374
      9         -37.4167         -26.0822
     10         -742.021         -730.686
     11          768.103                0
     12          742.021         -26.0822
     13         -742.021         -7.13366
     14         -734.887                0
     15         -734.887         -2.45243
     16         -732.435                0
     17          742.021                0
     18          734.887         -7.13366
     19          734.887                0
     20          732.435         -2.45243
     21         -732.435         -2.67606
     22         -729.758                0
     23         -729.758         -8.25183
     24         -721.507                0
     25          732.435                0
     26          729.758         -2.67606
     27          729.758                0
     28          721.507         -8.25183
     29         -721.507         -30.3312
     30                0         -735.504
     31          721.507                0
     32          691.175         -30.3312
     33               -0          735.504
     34         -1.88862          732.671
     35               -0          732.671
     36        -0.688239          731.638
     37               -0          731.638
     38         -3.68261          726.115
     39               -0          726.115
     40         -26.3567           686.58
     41           26.358           416.04
     42          11.4037          371.178
     43          11.4037          1140.98
     44               -0          1106.77
     45          3.69137          371.178
     46          2.25623          366.872
     47          2.25623          1106.77
     48               -0             1100
     49          0.70975          366.872
     50          0.49848          366.238
     51          0.49848             1100
     52               -0          1098.51
     53          1.12499          366.238
     54          1.32563           366.84
     55          1.32563          1098.51
     56               -0          1094.53
     57         -37.4167           366.84
     58           13.462          468.598
     59           13.462          1094.53
     60               -0          1067.61
     61          768.103          468.598
     62          280.534          -506.54
     63          280.534          1067.61
     64               -0           506.54
     65               -0         -1056.65
     66         -11.4026         -1090.86
     67         -11.4026         -316.506
     68         -26.3567         -361.368
     69                0         -1090.86
     70         -2.24396         -1097.59
     71         -2.24396         -361.368
     72         -3.68261         -365.684
     73                0         -1097.59
     74        -0.333233         -1098.59
     75        -0.333233         -365.684
     76        -0.688239         -366.749
     77                0         -1098.59
     78          1.77345         -1093.27
     79          1.77345         -366.749
     80         -1.88862         -377.735
     81                0         -1093.27
     82          44.2955         -1004.68
     83          44.2955         -377.735
     84          44.3284         -377.669
     85                0         -1004.68
     86          255.363         -493.955
     87          255.363         -377.669
     88          691.175          493.955
-------    -------------    -------------
Min             -742.021         -1098.59
Node                  10               74

Max              768.103          1140.98
Element               11               43


  Angle of Twist : -0.000254799
